2025-09-08T09:01:00.111Z
cwd: ~/Documents/GitHub/ad-hoc-prototypes
package: govuk-prototype-kit@13.18.0
argv: /usr/local/bin/node ~/.npm/_npx/751a68202a4807b7/node_modules/.bin/govuk-prototype-kit migrate
Started [Check migration is being applied to a pre v13 prototype]
Succeeded [Check migration is being applied to a pre v13 prototype]
2025-09-08T09:01:14.602Z
cwd: ~/Documents/GitHub/ad-hoc-prototypes
package: govuk-prototype-kit@13.18.0
argv: /usr/local/bin/node ~/Documents/GitHub/ad-hoc-prototypes/node_modules/.bin/govuk-prototype-kit migrate -- ~/Documents/GitHub/ad-hoc-prototypes
Started [Migrate config.js to config.json]
Started [Update application SCSS file]
Started [Deleted files that are no longer needed]
Started [Deleted directories that are no longer needed]
Started [Delete listen-on-port.js]
Started [Delete start.js]
Started [Delete Procfile]
Started [Delete server.js]
Started [Delete app/assets/sass/unbranded-ie8.scss]
Started [Delete VERSION.txt]
Started [Remove unused directory lib]
Started [Remove unused directory docs]
Started [Delete app/assets/sass/application-ie8.scss]
Started [Remove unused directory public]
Succeeded [Migrate config.js to config.json]
Succeeded [Delete start.js]
Succeeded [Delete listen-on-port.js]
Succeeded [Delete Procfile]
Succeeded [Delete server.js]
Succeeded [Delete app/assets/sass/unbranded-ie8.scss]
Succeeded [Delete VERSION.txt]
Succeeded [Delete app/assets/sass/application-ie8.scss]
Succeeded [Deleted files that are no longer needed]
Found [// Add your routes here - above the module.exports line] in [app/routes.js], replacing
Started [Overwrite app/assets/javascripts/application.js]
Started [Overwrite app/filters.js]
Found [// Add extra styles here, or re-organise the Sass files in whichever way makes most sense to you] in [app/assets/sass/application.scss], replacing
Started [Overwrite app/views/layout.html]
Keeping these lines from old file
Started [Delete app/assets/images/separator-2x.png]
Started [Delete app/assets/images/separator.png]
Started [Delete app/assets/javascripts/auto-store-data.js]
Started [Delete app/assets/images/unbranded.ico]
Copying from [node_modules/govuk-prototype-kit/prototype-starter/app/assets/javascripts/application.js] to [app/assets/javascripts/application.js]
Started [Delete app/assets/sass/unbranded.scss]
Copying from [node_modules/govuk-prototype-kit/prototype-starter/app/filters.js] to [app/filters.js]
Started [Delete app/views/includes/cookie-banner.html]
Started [Delete app/views/includes/breadcrumb_examples.html]
Started [Delete app/assets/sass/patterns/_mainstream-guide.scss]
Started [Delete app/assets/sass/patterns/_contents-list.scss]
Started [Delete app/views/includes/head.html]
Started [Delete app/views/includes/scripts.html]
Started [Delete app/assets/sass/patterns/_pagination.scss]
Started [Delete app/assets/sass/patterns/_related-items.scss]
Started [Delete app/assets/sass/patterns/_step-by-step-header.scss]
Started [Delete app/views/layout_unbranded.html]
Started [Delete app/assets/sass/patterns/_step-by-step-related.scss]
Started [Delete app/assets/sass/patterns/_task-list.scss]
Keeping these lines from old file
Copying from [node_modules/govuk-prototype-kit/prototype-starter/app/views/layouts/main.html] to [app/views/layout.html]
Started [Delete app/assets/sass/patterns/_step-by-step-nav.scss]
Started [Delete app/assets/javascripts/jquery-1.11.3.js]
Failed [Delete app/views/includes/cookie-banner.html]
Succeeded [Delete app/assets/images/separator-2x.png]
Succeeded [Delete app/assets/images/separator.png]
Succeeded [Delete app/assets/javascripts/auto-store-data.js]
Succeeded [Delete app/assets/images/unbranded.ico]
Succeeded [Delete app/assets/sass/unbranded.scss]
Succeeded [Delete app/assets/sass/patterns/_mainstream-guide.scss]
Succeeded [Delete app/assets/sass/patterns/_contents-list.scss]
Succeeded [Delete app/views/includes/head.html]
Succeeded [Delete app/views/includes/scripts.html]
Succeeded [Delete app/assets/sass/patterns/_pagination.scss]
Succeeded [Delete app/assets/sass/patterns/_related-items.scss]
Succeeded [Delete app/assets/sass/patterns/_step-by-step-header.scss]
Succeeded [Delete app/views/layout_unbranded.html]
Succeeded [Delete app/views/includes/breadcrumb_examples.html]
Succeeded [Delete app/assets/sass/patterns/_task-list.scss]
Succeeded [Delete app/assets/sass/patterns/_step-by-step-related.scss]
Succeeded [Update application SCSS file]
Succeeded [Delete app/assets/sass/patterns/_step-by-step-nav.scss]
Succeeded [Delete app/assets/javascripts/jquery-1.11.3.js]
//,// For guidance on how to create routes see:,// https://prototype-kit.service.gov.uk/docs/create-routes,//,,const govukPrototypeKit = require('govuk-prototype-kit'),const router = govukPrototypeKit.requests.setupRouter(),,// Add your routes here,,,module.exports = router,
Found [module.exports = router;,module.exports = router] in [app/routes.js], removing
Succeeded [Remove unused directory lib]
Succeeded [Update routes file]
Succeeded [Remove unused directory public]
Succeeded [Overwrite app/filters.js]
Succeeded [Overwrite app/views/layout.html]
Succeeded [Remove unused directory docs]
Succeeded [Overwrite app/assets/javascripts/application.js]
Succeeded [Deleted directories that are no longer needed]
ENOENT: no such file or directory, stat '/Users/jamesfrancis/Documents/GitHub/ad-hoc-prototypes/app/views/layout_unbranded.html'
Error: ENOENT: no such file or directory, stat '/Users/jamesfrancis/Documents/GitHub/ad-hoc-prototypes/app/views/layout_unbranded.html'
    at async Object.stat (node:internal/fs/promises:1031:18)
    at async /Users/jamesfrancis/Documents/GitHub/ad-hoc-prototypes/node_modules/govuk-prototype-kit/lib/utils/index.js:254:22
    at async asyncSeriesMap (/Users/jamesfrancis/Documents/GitHub/ad-hoc-prototypes/node_modules/govuk-prototype-kit/lib/utils/asyncSeriesMap.js:5:18)
    at async searchAndReplaceFiles (/Users/jamesfrancis/Documents/GitHub/ad-hoc-prototypes/node_modules/govuk-prototype-kit/lib/utils/index.js:252:25)
    at async updateUnbrandedLayouts (/Users/jamesfrancis/Documents/GitHub/ad-hoc-prototypes/node_modules/govuk-prototype-kit/migrator/migration-steps.js:256:19)
    at async Promise.all (index 7)
    at async Object.migrate (/Users/jamesfrancis/Documents/GitHub/ad-hoc-prototypes/node_modules/govuk-prototype-kit/migrator/index.js:128:33)
    at async runMigrate (/Users/jamesfrancis/Documents/GitHub/ad-hoc-prototypes/node_modules/govuk-prototype-kit/bin/cli:391:5)
